#
# There is insufficient memory for the Java Runtime Environment to continue.
# Native memory allocation (mmap) failed to map 281018368 bytes for G1 virtual space
# Possible reasons:
#   The system is out of physical RAM or swap space
#   The process is running with CompressedOops enabled, and the Java Heap may be blocking the growth of the native heap
# Possible solutions:
#   Reduce memory load on the system
#   Increase physical memory or swap space
#   Check if swap backing store is full
#   Decrease Java heap size (-Xmx/-Xms)
#   Decrease number of Java threads
#   Decrease Java thread stack sizes (-Xss)
#   Set larger code cache with -XX:ReservedCodeCacheSize=
#   JVM is running with Zero Based Compressed Oops mode in which the Java heap is
#     placed in the first 32GB address space. The Java Heap base address is the
#     maximum limit for the native heap growth. Please use -XX:HeapBaseMinAddress
#     to set the Java Heap base and to place the Java Heap above 32GB virtual address.
# This output file may be truncated or incomplete.
#
#  Out of Memory Error (os_windows.cpp:3600), pid=12876, tid=4016
#
# JRE version: Java(TM) SE Runtime Environment (21.0.4+8) (build 21.0.4+8-LTS-274)
# Java VM: Java HotSpot(TM) 64-Bit Server VM (21.0.4+8-LTS-274, mixed mode, sharing, tiered, compressed oops, compressed class ptrs, g1 gc, windows-amd64)
# No core dump will be written. Minidumps are not enabled by default on client versions of Windows
#

---------------  S U M M A R Y ------------

Command Line: -XX:MaxMetaspaceSize=4G -XX:ReservedCodeCacheSize=512m -XX:+HeapDumpOnOutOfMemoryError --add-opens=java.base/java.util=ALL-UNNAMED --add-opens=java.base/java.lang=ALL-UNNAMED --add-opens=java.base/java.lang.invoke=ALL-UNNAMED --add-opens=java.prefs/java.util.prefs=ALL-UNNAMED --add-exports=jdk.compiler/com.sun.tools.javac.api=ALL-UNNAMED --add-exports=jdk.compiler/com.sun.tools.javac.util=ALL-UNNAMED --add-opens=java.base/java.nio.charset=ALL-UNNAMED --add-opens=java.base/java.net=ALL-UNNAMED --add-opens=java.base/java.util.concurrent.atomic=ALL-UNNAMED -Xmx8G -Dfile.encoding=utf8 -Duser.country=AR -Duser.language=es -Duser.variant -javaagent:C:\Users\user\.gradle\wrapper\dists\gradle-8.10.2-all\7iv73wktx1xtkvlq19urqw1wm\gradle-8.10.2\lib\agents\gradle-instrumentation-agent-8.10.2.jar org.gradle.launcher.daemon.bootstrap.GradleDaemon 8.10.2

Host: Intel(R) Core(TM) i5-3210M CPU @ 2.50GHz, 4 cores, 3G,  Windows 10 , 64 bit Build 19041 (10.0.19041.5438)
Time: Thu Feb 27 10:32:51 2025 Hora estándar de Argentina elapsed time: 198.179664 seconds (0d 0h 3m 18s)

---------------  T H R E A D  ---------------

Current thread (0x00000219707ef0b0):  VMThread "VM Thread"          [id=4016, stack(0x0000002ca9f00000,0x0000002caa000000) (1024K)]

Stack: [0x0000002ca9f00000,0x0000002caa000000]
Native frames: (J=compiled Java code, j=interpreted, Vv=VM code, C=native code)
V  [jvm.dll+0x6c8e59]
V  [jvm.dll+0x853181]
V  [jvm.dll+0x8556ae]
V  [jvm.dll+0x855d83]
V  [jvm.dll+0x27d526]
V  [jvm.dll+0x6c55f5]
V  [jvm.dll+0x6ba17a]
V  [jvm.dll+0x352a8a]
V  [jvm.dll+0x35a6e6]
V  [jvm.dll+0x3acdae]
V  [jvm.dll+0x3ad058]
V  [jvm.dll+0x326dec]
V  [jvm.dll+0x326e77]
V  [jvm.dll+0x36b75c]
V  [jvm.dll+0x369fae]
V  [jvm.dll+0x3265b1]
V  [jvm.dll+0x3696ca]
V  [jvm.dll+0x85bb50]
V  [jvm.dll+0x85ced4]
V  [jvm.dll+0x85d410]
V  [jvm.dll+0x85d6b3]
V  [jvm.dll+0x7fd65b]
V  [jvm.dll+0x6c753d]
C  [ucrtbase.dll+0x21bb2]
C  [KERNEL32.DLL+0x17374]
C  [ntdll.dll+0x4cc91]

VM_Operation (0x0000002caf1fd7d0): G1CollectForAllocation, mode: safepoint, requested by thread 0x00000219b7632880


---------------  P R O C E S S  ---------------

Threads class SMR info:
_java_thread_list=0x00000219bb7aeb20, length=84, elements={
0x0000021959af5d20, 0x000002197080c7f0, 0x000002197080d610, 0x000002197080f3e0,
0x0000021970811e50, 0x00000219708128b0, 0x0000021970813310, 0x00000219708140a0,
0x00000219708803f0, 0x0000021970a4ab00, 0x0000021970be3400, 0x00000219b74097b0,
0x00000219b77947b0, 0x00000219b75f4680, 0x0000021970b4a760, 0x0000021970ab2600,
0x00000219b60e52b0, 0x0000021970aac3a0, 0x00000219b77bf370, 0x00000219b77bdfc0,
0x00000219b77c0db0, 0x00000219b77be650, 0x00000219b77c0720, 0x00000219b77bece0,
0x00000219b77bfa00, 0x00000219b77c0090, 0x00000219b9b99390, 0x00000219b9b9cea0,
0x00000219b9b9ef70, 0x00000219b9b9e250, 0x00000219b9b9f600, 0x00000219b9b98670,
0x00000219b9b9a0b0, 0x00000219b9b9add0, 0x00000219b9b9b460, 0x00000219b9b99a20,
0x00000219b7635670, 0x00000219b7633c30, 0x00000219b7630120, 0x00000219b762f400,
0x00000219b76342c0, 0x00000219b7632f10, 0x00000219b7634fe0, 0x00000219b762ed70,
0x00000219b7634950, 0x00000219b7635d00, 0x00000219b76307b0, 0x00000219b7631b60,
0x00000219b7c758c0, 0x00000219b7c793d0, 0x00000219b7c7a0f0, 0x00000219b7c77300,
0x00000219b7c74ba0, 0x00000219b7c75f50, 0x00000219b7c74510, 0x00000219b7c7a780,
0x00000219b7c7ae10, 0x00000219b7c79a60, 0x00000219b7c765e0, 0x00000219b7c78d40,
0x00000219b7c75230, 0x00000219b7c73e80, 0x00000219b7c76c70, 0x00000219b7c7b4a0,
0x00000219b7c78020, 0x00000219b7c786b0, 0x00000219b7e53a50, 0x00000219b7e4de70,
0x00000219b7e4d7e0, 0x00000219b7e4e500, 0x00000219b7e505d0, 0x00000219b7e4f8b0,
0x00000219b7e52d30, 0x00000219b7e4cac0, 0x00000219b7e4eb90, 0x00000219b7e4d150,
0x00000219b7e51980, 0x00000219b7e533c0, 0x00000219b7e4f220, 0x00000219b7632880,
0x00000219baf2dc80, 0x00000219baf2ae90, 0x00000219baf29ae0, 0x00000219baf28730
}

Java Threads: ( => current thread )
  0x0000021959af5d20 JavaThread "main"                              [_thread_blocked, id=12580, stack(0x0000002ca9700000,0x0000002ca9800000) (1024K)]
  0x000002197080c7f0 JavaThread "Reference Handler"          daemon [_thread_blocked, id=13836, stack(0x0000002caa000000,0x0000002caa100000) (1024K)]
  0x000002197080d610 JavaThread "Finalizer"                  daemon [_thread_blocked, id=13996, stack(0x0000002caa100000,0x0000002caa200000) (1024K)]
  0x000002197080f3e0 JavaThread "Signal Dispatcher"          daemon [_thread_blocked, id=10632, stack(0x0000002caa200000,0x0000002caa300000) (1024K)]
  0x0000021970811e50 JavaThread "Attach Listener"            daemon [_thread_blocked, id=11508, stack(0x0000002caa300000,0x0000002caa400000) (1024K)]
  0x00000219708128b0 JavaThread "Service Thread"             daemon [_thread_blocked, id=9132, stack(0x0000002caa400000,0x0000002caa500000) (1024K)]
  0x0000021970813310 JavaThread "Monitor Deflation Thread"   daemon [_thread_blocked, id=13168, stack(0x0000002caa500000,0x0000002caa600000) (1024K)]
  0x00000219708140a0 JavaThread "C2 CompilerThread0"         daemon [_thread_blocked, id=9140, stack(0x0000002caa600000,0x0000002caa700000) (1024K)]
  0x00000219708803f0 JavaThread "C1 CompilerThread0"         daemon [_thread_blocked, id=13772, stack(0x0000002caa700000,0x0000002caa800000) (1024K)]
  0x0000021970a4ab00 JavaThread "Common-Cleaner"             daemon [_thread_blocked, id=8532, stack(0x0000002caa800000,0x0000002caa900000) (1024K)]
  0x0000021970be3400 JavaThread "Notification Thread"        daemon [_thread_blocked, id=12636, stack(0x0000002caa900000,0x0000002caaa00000) (1024K)]
  0x00000219b74097b0 JavaThread "Daemon health stats"               [_thread_blocked, id=13636, stack(0x0000002caad00000,0x0000002caae00000) (1024K)]
  0x00000219b77947b0 JavaThread "Incoming local TCP Connector on port 52479"        [_thread_in_native, id=8628, stack(0x0000002caae00000,0x0000002caaf00000) (1024K)]
  0x00000219b75f4680 JavaThread "Daemon periodic checks"            [_thread_blocked, id=2476, stack(0x0000002caaf00000,0x0000002cab000000) (1024K)]
  0x0000021970b4a760 JavaThread "Daemon"                            [_thread_blocked, id=13192, stack(0x0000002cab000000,0x0000002cab100000) (1024K)]
  0x0000021970ab2600 JavaThread "Handler for socket connection from /127.0.0.1:52479 to /127.0.0.1:52480"        [_thread_in_native, id=8428, stack(0x0000002cab100000,0x0000002cab200000) (1024K)]
  0x00000219b60e52b0 JavaThread "Cancel handler"                    [_thread_blocked, id=12328, stack(0x0000002cab200000,0x0000002cab300000) (1024K)]
  0x0000021970aac3a0 JavaThread "Daemon worker"                     [_thread_blocked, id=14164, stack(0x0000002cab300000,0x0000002cab400000) (1024K)]
  0x00000219b77bf370 JavaThread "Asynchronous log dispatcher for DefaultDaemonConnection: socket connection from /127.0.0.1:52479 to /127.0.0.1:52480"        [_thread_blocked, id=12064, stack(0x0000002cab400000,0x0000002cab500000) (1024K)]
  0x00000219b77bdfc0 JavaThread "Stdin handler"                     [_thread_blocked, id=13152, stack(0x0000002cab500000,0x0000002cab600000) (1024K)]
  0x00000219b77c0db0 JavaThread "Daemon client event forwarder"        [_thread_blocked, id=2800, stack(0x0000002cab600000,0x0000002cab700000) (1024K)]
  0x00000219b77be650 JavaThread "Cache worker for journal cache (C:\Users\user\.gradle\caches\journal-1)"        [_thread_blocked, id=2248, stack(0x0000002cab700000,0x0000002cab800000) (1024K)]
  0x00000219b77c0720 JavaThread "File lock request listener"        [_thread_in_native, id=5188, stack(0x0000002cab800000,0x0000002cab900000) (1024K)]
  0x00000219b77bece0 JavaThread "Cache worker for file hash cache (C:\Users\user\.gradle\caches\8.10.2\fileHashes)"        [_thread_blocked, id=10804, stack(0x0000002cab900000,0x0000002caba00000) (1024K)]
  0x00000219b77bfa00 JavaThread "Cache worker for file hash cache (C:\Users\user\Desktop\equipo-c24-76-ft-mobile\mobile\android\.gradle\8.10.2\fileHashes)"        [_thread_blocked, id=9168, stack(0x0000002caba00000,0x0000002cabb00000) (1024K)]
  0x00000219b77c0090 JavaThread "Cache worker for Build Output Cleanup Cache (C:\Users\user\Desktop\equipo-c24-76-ft-mobile\mobile\android\.gradle\buildOutputCleanup)"        [_thread_blocked, id=72, stack(0x0000002cabb00000,0x0000002cabc00000) (1024K)]
  0x00000219b9b99390 JavaThread "File watcher server"        daemon [_thread_in_native, id=14080, stack(0x0000002cabc00000,0x0000002cabd00000) (1024K)]
  0x00000219b9b9cea0 JavaThread "File watcher consumer"      daemon [_thread_blocked, id=2368, stack(0x0000002cabd00000,0x0000002cabe00000) (1024K)]
  0x00000219b9b9ef70 JavaThread "Cache worker for checksums cache (C:\Users\user\Desktop\equipo-c24-76-ft-mobile\mobile\android\.gradle\8.10.2\checksums)"        [_thread_blocked, id=13524, stack(0x0000002cabe00000,0x0000002cabf00000) (1024K)]
  0x00000219b9b9e250 JavaThread "Cache worker for file content cache (C:\Users\user\.gradle\caches\8.10.2\fileContent)"        [_thread_blocked, id=14220, stack(0x0000002cabf00000,0x0000002cac000000) (1024K)]
  0x00000219b9b9f600 JavaThread "Cache worker for cache directory md-rule (C:\Users\user\.gradle\caches\8.10.2\md-rule)"        [_thread_blocked, id=12932, stack(0x0000002cac000000,0x0000002cac100000) (1024K)]
  0x00000219b9b98670 JavaThread "Cache worker for cache directory md-supplier (C:\Users\user\.gradle\caches\8.10.2\md-supplier)"        [_thread_blocked, id=10620, stack(0x0000002cac100000,0x0000002cac200000) (1024K)]
  0x00000219b9b9a0b0 JavaThread "jar transforms"                    [_thread_blocked, id=6140, stack(0x0000002cac200000,0x0000002cac300000) (1024K)]
  0x00000219b9b9add0 JavaThread "jar transforms Thread 2"           [_thread_blocked, id=4496, stack(0x0000002cac300000,0x0000002cac400000) (1024K)]
  0x00000219b9b9b460 JavaThread "Cache worker for Build Output Cleanup Cache (C:\Users\user\dev\flutter\packages\flutter_tools\gradle\.gradle\buildOutputCleanup)"        [_thread_blocked, id=4420, stack(0x0000002cac400000,0x0000002cac500000) (1024K)]
  0x00000219b9b99a20 JavaThread "Unconstrained build operations"        [_thread_blocked, id=11500, stack(0x0000002cac500000,0x0000002cac600000) (1024K)]
  0x00000219b7635670 JavaThread "Unconstrained build operations Thread 2"        [_thread_blocked, id=9980, stack(0x0000002cac600000,0x0000002cac700000) (1024K)]
  0x00000219b7633c30 JavaThread "Unconstrained build operations Thread 3"        [_thread_blocked, id=13236, stack(0x0000002cac700000,0x0000002cac800000) (1024K)]
  0x00000219b7630120 JavaThread "Unconstrained build operations Thread 4"        [_thread_blocked, id=10672, stack(0x0000002cac800000,0x0000002cac900000) (1024K)]
  0x00000219b762f400 JavaThread "Unconstrained build operations Thread 5"        [_thread_blocked, id=14020, stack(0x0000002cac900000,0x0000002caca00000) (1024K)]
  0x00000219b76342c0 JavaThread "Unconstrained build operations Thread 6"        [_thread_blocked, id=8680, stack(0x0000002caca00000,0x0000002cacb00000) (1024K)]
  0x00000219b7632f10 JavaThread "Unconstrained build operations Thread 7"        [_thread_blocked, id=13668, stack(0x0000002cacb00000,0x0000002cacc00000) (1024K)]
  0x00000219b7634fe0 JavaThread "Unconstrained build operations Thread 8"        [_thread_blocked, id=9544, stack(0x0000002cacc00000,0x0000002cacd00000) (1024K)]
  0x00000219b762ed70 JavaThread "Unconstrained build operations Thread 9"        [_thread_blocked, id=12608, stack(0x0000002cacd00000,0x0000002cace00000) (1024K)]
  0x00000219b7634950 JavaThread "Memory manager"                    [_thread_blocked, id=12156, stack(0x0000002cace00000,0x0000002cacf00000) (1024K)]
  0x00000219b7635d00 JavaThread "build event listener"              [_thread_blocked, id=13804, stack(0x0000002cacf00000,0x0000002cad000000) (1024K)]
  0x00000219b76307b0 JavaThread "File lock release action executor"        [_thread_blocked, id=13000, stack(0x0000002cad000000,0x0000002cad100000) (1024K)]
  0x00000219b7631b60 JavaThread "Execution worker"                  [_thread_blocked, id=7380, stack(0x0000002cad200000,0x0000002cad300000) (1024K)]
  0x00000219b7c758c0 JavaThread "Execution worker Thread 2"         [_thread_blocked, id=8168, stack(0x0000002cad300000,0x0000002cad400000) (1024K)]
  0x00000219b7c793d0 JavaThread "Execution worker Thread 3"         [_thread_blocked, id=8712, stack(0x0000002cad400000,0x0000002cad500000) (1024K)]
  0x00000219b7c7a0f0 JavaThread "Cache worker for execution history cache (C:\Users\user\dev\flutter\packages\flutter_tools\gradle\.gradle\8.10.2\executionHistory)"        [_thread_blocked, id=5432, stack(0x0000002cad500000,0x0000002cad600000) (1024K)]
  0x00000219b7c77300 JavaThread "Unconstrained build operations Thread 10"        [_thread_blocked, id=3492, stack(0x0000002cad600000,0x0000002cad700000) (1024K)]
  0x00000219b7c74ba0 JavaThread "Unconstrained build operations Thread 11"        [_thread_blocked, id=1068, stack(0x0000002cad700000,0x0000002cad800000) (1024K)]
  0x00000219b7c75f50 JavaThread "Unconstrained build operations Thread 12"        [_thread_blocked, id=3432, stack(0x0000002cad800000,0x0000002cad900000) (1024K)]
  0x00000219b7c74510 JavaThread "Unconstrained build operations Thread 13"        [_thread_blocked, id=9916, stack(0x0000002cad900000,0x0000002cada00000) (1024K)]
  0x00000219b7c7a780 JavaThread "Unconstrained build operations Thread 14"        [_thread_blocked, id=6244, stack(0x0000002cada00000,0x0000002cadb00000) (1024K)]
  0x00000219b7c7ae10 JavaThread "Unconstrained build operations Thread 15"        [_thread_blocked, id=2196, stack(0x0000002cadb00000,0x0000002cadc00000) (1024K)]
  0x00000219b7c79a60 JavaThread "Unconstrained build operations Thread 16"        [_thread_blocked, id=7140, stack(0x0000002ca9600000,0x0000002ca9700000) (1024K)]
  0x00000219b7c765e0 JavaThread "Unconstrained build operations Thread 17"        [_thread_blocked, id=8420, stack(0x0000002cadc00000,0x0000002cadd00000) (1024K)]
  0x00000219b7c78d40 JavaThread "Unconstrained build operations Thread 18"        [_thread_blocked, id=1504, stack(0x0000002cadd00000,0x0000002cade00000) (1024K)]
  0x00000219b7c75230 JavaThread "Unconstrained build operations Thread 19"        [_thread_blocked, id=2712, stack(0x0000002cade00000,0x0000002cadf00000) (1024K)]
  0x00000219b7c73e80 JavaThread "Unconstrained build operations Thread 20"        [_thread_blocked, id=6856, stack(0x0000002cadf00000,0x0000002cae000000) (1024K)]
  0x00000219b7c76c70 JavaThread "Unconstrained build operations Thread 21"        [_thread_blocked, id=13904, stack(0x0000002cae000000,0x0000002cae100000) (1024K)]
  0x00000219b7c7b4a0 JavaThread "Unconstrained build operations Thread 22"        [_thread_blocked, id=12972, stack(0x0000002cae100000,0x0000002cae200000) (1024K)]
  0x00000219b7c78020 JavaThread "Unconstrained build operations Thread 23"        [_thread_blocked, id=1848, stack(0x0000002cae200000,0x0000002cae300000) (1024K)]
  0x00000219b7c786b0 JavaThread "Unconstrained build operations Thread 24"        [_thread_blocked, id=9940, stack(0x0000002cae300000,0x0000002cae400000) (1024K)]
  0x00000219b7e53a50 JavaThread "Unconstrained build operations Thread 25"        [_thread_blocked, id=9192, stack(0x0000002cae400000,0x0000002cae500000) (1024K)]
  0x00000219b7e4de70 JavaThread "Unconstrained build operations Thread 26"        [_thread_blocked, id=7952, stack(0x0000002cae500000,0x0000002cae600000) (1024K)]
  0x00000219b7e4d7e0 JavaThread "Unconstrained build operations Thread 27"        [_thread_blocked, id=5220, stack(0x0000002cae600000,0x0000002cae700000) (1024K)]
  0x00000219b7e4e500 JavaThread "Unconstrained build operations Thread 28"        [_thread_blocked, id=5948, stack(0x0000002cae700000,0x0000002cae800000) (1024K)]
  0x00000219b7e505d0 JavaThread "Unconstrained build operations Thread 29"        [_thread_blocked, id=12744, stack(0x0000002cae800000,0x0000002cae900000) (1024K)]
  0x00000219b7e4f8b0 JavaThread "Unconstrained build operations Thread 30"        [_thread_blocked, id=6920, stack(0x0000002cae900000,0x0000002caea00000) (1024K)]
  0x00000219b7e52d30 JavaThread "jar transforms Thread 3"           [_thread_blocked, id=5056, stack(0x0000002ca9800000,0x0000002ca9900000) (1024K)]
  0x00000219b7e4cac0 JavaThread "jar transforms Thread 4"           [_thread_blocked, id=12784, stack(0x0000002caec00000,0x0000002caed00000) (1024K)]
  0x00000219b7e4eb90 JavaThread "Unconstrained build operations Thread 31"        [_thread_blocked, id=8776, stack(0x0000002cad100000,0x0000002cad200000) (1024K)]
  0x00000219b7e4d150 JavaThread "Unconstrained build operations Thread 32"        [_thread_blocked, id=5720, stack(0x0000002caed00000,0x0000002caee00000) (1024K)]
  0x00000219b7e51980 JavaThread "Unconstrained build operations Thread 33"        [_thread_blocked, id=1748, stack(0x0000002caee00000,0x0000002caef00000) (1024K)]
  0x00000219b7e533c0 JavaThread "Unconstrained build operations Thread 34"        [_thread_blocked, id=1356, stack(0x0000002caef00000,0x0000002caf000000) (1024K)]
  0x00000219b7e4f220 JavaThread "Unconstrained build operations Thread 35"        [_thread_blocked, id=9044, stack(0x0000002caf000000,0x0000002caf100000) (1024K)]
  0x00000219b7632880 JavaThread "Unconstrained build operations Thread 36"        [_thread_blocked, id=3636, stack(0x0000002caf100000,0x0000002caf200000) (1024K)]
  0x00000219baf2dc80 JavaThread "Unconstrained build operations Thread 37"        [_thread_blocked, id=708, stack(0x0000002caf200000,0x0000002caf300000) (1024K)]
  0x00000219baf2ae90 JavaThread "Unconstrained build operations Thread 38"        [_thread_blocked, id=9832, stack(0x0000002caf300000,0x0000002caf400000) (1024K)]
  0x00000219baf29ae0 JavaThread "Unconstrained build operations Thread 39"        [_thread_blocked, id=1144, stack(0x0000002caf400000,0x0000002caf500000) (1024K)]
  0x00000219baf28730 JavaThread "Unconstrained build operations Thread 40"        [_thread_blocked, id=7696, stack(0x0000002caf500000,0x0000002caf600000) (1024K)]
Total: 84

Other Threads:
=>0x00000219707ef0b0 VMThread "VM Thread"                           [id=4016, stack(0x0000002ca9f00000,0x0000002caa000000) (1024K)]
  0x00000219707d5b10 WatcherThread "VM Periodic Task Thread"        [id=2160, stack(0x0000002ca9e00000,0x0000002ca9f00000) (1024K)]
  0x000002195bd667e0 WorkerThread "GC Thread#0"                     [id=11808, stack(0x0000002ca9900000,0x0000002ca9a00000) (1024K)]
  0x0000021970c1dc20 WorkerThread "GC Thread#1"                     [id=6372, stack(0x0000002caaa00000,0x0000002caab00000) (1024K)]
  0x0000021970c10a10 WorkerThread "GC Thread#2"                     [id=12448, stack(0x0000002caab00000,0x0000002caac00000) (1024K)]
  0x0000021970d3a5d0 WorkerThread "GC Thread#3"                     [id=7984, stack(0x0000002caac00000,0x0000002caad00000) (1024K)]
  0x000002195bd79af0 ConcurrentGCThread "G1 Main Marker"            [id=14076, stack(0x0000002ca9a00000,0x0000002ca9b00000) (1024K)]
  0x000002195bd7a500 WorkerThread "G1 Conc#0"                       [id=1428, stack(0x0000002ca9b00000,0x0000002ca9c00000) (1024K)]
  0x000002197069cfa0 ConcurrentGCThread "G1 Refine#0"               [id=5068, stack(0x0000002ca9c00000,0x0000002ca9d00000) (1024K)]
  0x000002197069da20 ConcurrentGCThread "G1 Service"                [id=9584, stack(0x0000002ca9d00000,0x0000002ca9e00000) (1024K)]
Total: 10

Threads with active compile tasks:
Total: 0

VM state: at safepoint (normal execution)

VM Mutex/Monitor currently owned by a thread:  ([mutex/lock_event])
[0x00007ffb0eb57e98] Threads_lock - owner thread: 0x00000219707ef0b0
[0x00007ffb0eb57f98] Heap_lock - owner thread: 0x00000219b7632880

Heap address: 0x0000000600000000, size: 8192 MB, Compressed Oops mode: Zero based, Oop shift amount: 3

CDS archive(s) mapped at: [0x0000021971000000-0x0000021971c90000-0x0000021971c90000), size 13172736, SharedBaseAddress: 0x0000021971000000, ArchiveRelocationMode: 1.
Compressed class space mapped at: 0x0000021972000000-0x00000219b2000000, reserved size: 1073741824
Narrow klass base: 0x0000021971000000, Narrow klass shift: 0, Narrow klass range: 0x100000000

GC Precious Log:
 CardTable entry size: 512
 Card Set container configuration: InlinePtr #cards 4 size 8 Array Of Cards #cards 32 size 80 Howl #buckets 8 coarsen threshold 7372 Howl Bitmap #cards 1024 size 144 coarsen threshold 921 Card regions per heap region 1 cards per card region 8192
 CPUs: 4 total, 4 available
 Memory: 4000M
 Large Page Support: Disabled
 NUMA Support: Disabled
 Compressed Oops: Enabled (Zero based)
 Heap Region Size: 4M
 Heap Min Capacity: 8M
 Heap Initial Capacity: 64M
 Heap Max Capacity: 8G
 Pre-touch: Disabled
 Parallel Workers: 4
 Concurrent Workers: 1
 Concurrent Refinement Workers: 4
 Periodic GC: Disabled

Heap:
 garbage-first heap   total 569344K, used 202848K [0x0000000600000000, 0x0000000800000000)
  region size 4096K, 4 young (16384K), 4 survivors (16384K)
 Metaspace       used 104507K, committed 107136K, reserved 1179648K
  class space    used 14707K, committed 16000K, reserved 1048576K

Heap Regions: E=young(eden), S=young(survivor), O=old, HS=humongous(starts), HC=humongous(continues), CS=collection set, F=free, TAMS=top-at-mark-start, PB=parsable bottom
|   0|0x0000000600000000, 0x0000000600400000, 0x0000000600400000|100%|HS|  |TAMS 0x0000000600000000| PB 0x0000000600000000| Complete 
|   1|0x0000000600400000, 0x0000000600800000, 0x0000000600800000|100%| O|  |TAMS 0x0000000600400000| PB 0x0000000600400000| Untracked 
|   2|0x0000000600800000, 0x0000000600c00000, 0x0000000600c00000|100%| O|  |TAMS 0x0000000600800000| PB 0x0000000600800000| Untracked 
|   3|0x0000000600c00000, 0x0000000601000000, 0x0000000601000000|100%|HS|  |TAMS 0x0000000600c00000| PB 0x0000000600c00000| Complete 
|   4|0x0000000601000000, 0x0000000601400000, 0x0000000601400000|100%| O|  |TAMS 0x0000000601000000| PB 0x0000000601000000| Untracked 
|   5|0x0000000601400000, 0x0000000601800000, 0x0000000601800000|100%| O|  |TAMS 0x0000000601400000| PB 0x0000000601400000| Untracked 
|   6|0x0000000601800000, 0x0000000601c00000, 0x0000000601c00000|100%| O|  |TAMS 0x0000000601800000| PB 0x0000000601800000| Untracked 
|   7|0x0000000601c00000, 0x0000000602000000, 0x0000000602000000|100%| O|  |TAMS 0x0000000601c00000| PB 0x0000000601c00000| Untracked 
|   8|0x0000000602000000, 0x0000000602400000, 0x0000000602400000|100%| O|  |TAMS 0x0000000602000000| PB 0x0000000602000000| Untracked 
|   9|0x0000000602400000, 0x0000000602800000, 0x0000000602800000|100%| O|  |TAMS 0x0000000602400000| PB 0x0000000602400000| Untracked 
|  10|0x0000000602800000, 0x0000000602c00000, 0x0000000602c00000|100%| O|  |TAMS 0x0000000602800000| PB 0x0000000602800000| Untracked 
|  11|0x0000000602c00000, 0x0000000603000000, 0x0000000603000000|100%| O|  |TAMS 0x0000000602c00000| PB 0x0000000602c00000| Untracked 
|  12|0x0000000603000000, 0x0000000603400000, 0x0000000603400000|100%|HS|  |TAMS 0x0000000603000000| PB 0x0000000603000000| Complete 
|  13|0x0000000603400000, 0x0000000603800000, 0x0000000603800000|100%| O|  |TAMS 0x0000000603400000| PB 0x0000000603400000| Untracked 
|  14|0x0000000603800000, 0x0000000603c00000, 0x0000000603c00000|100%|HS|  |TAMS 0x0000000603800000| PB 0x0000000603800000| Complete 
|  15|0x0000000603c00000, 0x0000000604000000, 0x0000000604000000|100%| O|  |TAMS 0x0000000603c00000| PB 0x0000000603c00000| Untracked 
|  16|0x0000000604000000, 0x0000000604400000, 0x0000000604400000|100%| O|  |TAMS 0x0000000604000000| PB 0x0000000604000000| Untracked 
|  17|0x0000000604400000, 0x0000000604800000, 0x0000000604800000|100%| O|  |TAMS 0x0000000604400000| PB 0x0000000604400000| Untracked 
|  18|0x0000000604800000, 0x0000000604c00000, 0x0000000604c00000|100%| O|  |TAMS 0x0000000604800000| PB 0x0000000604800000| Untracked 
|  19|0x0000000604c00000, 0x0000000605000000, 0x0000000605000000|100%| O|  |TAMS 0x0000000604c00000| PB 0x0000000604c00000| Untracked 
|  20|0x0000000605000000, 0x0000000605400000, 0x0000000605400000|100%| O|  |TAMS 0x0000000605000000| PB 0x0000000605000000| Untracked 
|  21|0x0000000605400000, 0x0000000605800000, 0x0000000605800000|100%|HS|  |TAMS 0x0000000605400000| PB 0x0000000605400000| Complete 
|  22|0x0000000605800000, 0x0000000605c00000, 0x0000000605c00000|100%| O|  |TAMS 0x0000000605800000| PB 0x0000000605800000| Untracked 
|  23|0x0000000605c00000, 0x0000000606000000, 0x0000000606000000|100%| O|  |TAMS 0x0000000605c00000| PB 0x0000000605c00000| Untracked 
|  24|0x0000000606000000, 0x0000000606400000, 0x0000000606400000|100%| O|  |TAMS 0x0000000606000000| PB 0x0000000606000000| Untracked 
|  25|0x0000000606400000, 0x0000000606800000, 0x0000000606800000|100%| O|  |TAMS 0x0000000606400000| PB 0x0000000606400000| Untracked 
|  26|0x0000000606800000, 0x0000000606c00000, 0x0000000606c00000|100%| O|  |TAMS 0x0000000606800000| PB 0x0000000606800000| Untracked 
|  27|0x0000000606c00000, 0x0000000607000000, 0x0000000607000000|100%| O|  |TAMS 0x0000000606c00000| PB 0x0000000606c00000| Untracked 
|  28|0x0000000607000000, 0x0000000607400000, 0x0000000607400000|100%| O|  |TAMS 0x0000000607000000| PB 0x0000000607000000| Untracked 
|  29|0x0000000607400000, 0x0000000607800000, 0x0000000607800000|100%| O|  |TAMS 0x0000000607400000| PB 0x0000000607400000| Untracked 
|  30|0x0000000607800000, 0x0000000607c00000, 0x0000000607c00000|100%| O|  |TAMS 0x0000000607800000| PB 0x0000000607800000| Untracked 
|  31|0x0000000607c00000, 0x0000000608000000, 0x0000000608000000|100%| O|  |TAMS 0x0000000607c00000| PB 0x0000000607c00000| Untracked 
|  32|0x0000000608000000, 0x0000000608400000, 0x0000000608400000|100%|HS|  |TAMS 0x0000000608000000| PB 0x0000000608000000| Complete 
|  33|0x0000000608400000, 0x0000000608800000, 0x0000000608800000|100%| O|  |TAMS 0x0000000608400000| PB 0x0000000608400000| Untracked 
|  34|0x0000000608800000, 0x0000000608c00000, 0x0000000608c00000|100%| O|  |TAMS 0x0000000608800000| PB 0x0000000608800000| Untracked 
|  35|0x0000000608c00000, 0x0000000609000000, 0x0000000609000000|100%| O|  |TAMS 0x0000000608c00000| PB 0x0000000608c00000| Untracked 
|  36|0x0000000609000000, 0x0000000609400000, 0x0000000609400000|100%| O|  |TAMS 0x0000000609000000| PB 0x0000000609000000| Untracked 
|  37|0x0000000609400000, 0x0000000609800000, 0x0000000609800000|100%| O|  |TAMS 0x0000000609400000| PB 0x0000000609400000| Untracked 
|  38|0x0000000609800000, 0x0000000609c00000, 0x0000000609c00000|100%| O|  |TAMS 0x0000000609800000| PB 0x0000000609800000| Untracked 
|  39|0x0000000609c00000, 0x000000060a000000, 0x000000060a000000|100%| O|  |TAMS 0x0000000609c00000| PB 0x0000000609c00000| Untracked 
|  40|0x000000060a000000, 0x000000060a400000, 0x000000060a400000|100%| O|  |TAMS 0x000000060a000000| PB 0x000000060a000000| Untracked 
|  41|0x000000060a400000, 0x000000060a800000, 0x000000060a800000|100%| O|  |TAMS 0x000000060a400000| PB 0x000000060a400000| Untracked 
|  42|0x000000060a800000, 0x000000060ac00000, 0x000000060ac00000|100%| O|  |TAMS 0x000000060a800000| PB 0x000000060a800000| Untracked 
|  43|0x000000060ac00000, 0x000000060b000000, 0x000000060b000000|100%| O|  |TAMS 0x000000060ac00000| PB 0x000000060ac00000| Untracked 
|  44|0x000000060b000000, 0x000000060b400000, 0x000000060b400000|100%| O|  |TAMS 0x000000060b000000| PB 0x000000060b000000| Untracked 
|  45|0x000000060b400000, 0x000000060b649480, 0x000000060b800000| 57%| O|  |TAMS 0x000000060b400000| PB 0x000000060b400000| Untracked 
|  46|0x000000060b800000, 0x000000060b800000, 0x000000060bc00000|  0%| F|  |TAMS 0x000000060b800000| PB 0x000000060b800000| Untracked 
|  47|0x000000060bc00000, 0x000000060bc00000, 0x000000060c000000|  0%| F|  |TAMS 0x000000060bc00000| PB 0x000000060bc00000| Untracked 
|  48|0x000000060c000000, 0x000000060c000000, 0x000000060c400000|  0%| F|  |TAMS 0x000000060c000000| PB 0x000000060c000000| Untracked 
|  49|0x000000060c400000, 0x000000060c400000, 0x000000060c800000|  0%| F|  |TAMS 0x000000060c400000| PB 0x000000060c400000| Untracked 
|  50|0x000000060c800000, 0x000000060c800000, 0x000000060cc00000|  0%| F|  |TAMS 0x000000060c800000| PB 0x000000060c800000| Untracked 
|  51|0x000000060cc00000, 0x000000060cc00000, 0x000000060d000000|  0%| F|  |TAMS 0x000000060cc00000| PB 0x000000060cc00000| Untracked 
|  52|0x000000060d000000, 0x000000060d000000, 0x000000060d400000|  0%| F|  |TAMS 0x000000060d000000| PB 0x000000060d000000| Untracked 
|  53|0x000000060d400000, 0x000000060d400000, 0x000000060d800000|  0%| F|  |TAMS 0x000000060d400000| PB 0x000000060d400000| Untracked 
|  54|0x000000060d800000, 0x000000060d800000, 0x000000060dc00000|  0%| F|  |TAMS 0x000000060d800000| PB 0x000000060d800000| Untracked 
|  55|0x000000060dc00000, 0x000000060dc00000, 0x000000060e000000|  0%| F|  |TAMS 0x000000060dc00000| PB 0x000000060dc00000| Untracked 
|  56|0x000000060e000000, 0x000000060e000000, 0x000000060e400000|  0%| F|  |TAMS 0x000000060e000000| PB 0x000000060e000000| Untracked 
|  57|0x000000060e400000, 0x000000060e400000, 0x000000060e800000|  0%| F|  |TAMS 0x000000060e400000| PB 0x000000060e400000| Untracked 
|  58|0x000000060e800000, 0x000000060e800000, 0x000000060ec00000|  0%| F|  |TAMS 0x000000060e800000| PB 0x000000060e800000| Untracked 
|  59|0x000000060ec00000, 0x000000060ec00000, 0x000000060f000000|  0%| F|  |TAMS 0x000000060ec00000| PB 0x000000060ec00000| Untracked 
|  60|0x000000060f000000, 0x000000060f000000, 0x000000060f400000|  0%| F|  |TAMS 0x000000060f000000| PB 0x000000060f000000| Untracked 
|  61|0x000000060f400000, 0x000000060f400000, 0x000000060f800000|  0%| F|  |TAMS 0x000000060f400000| PB 0x000000060f400000| Untracked 
|  62|0x000000060f800000, 0x000000060f800000, 0x000000060fc00000|  0%| F|  |TAMS 0x000000060f800000| PB 0x000000060f800000| Untracked 
|  63|0x000000060fc00000, 0x000000060fc00000, 0x0000000610000000|  0%| F|  |TAMS 0x000000060fc00000| PB 0x000000060fc00000| Untracked 
|  64|0x0000000610000000, 0x0000000610000000, 0x0000000610400000|  0%| F|  |TAMS 0x0000000610000000| PB 0x0000000610000000| Untracked 
|  65|0x0000000610400000, 0x0000000610400000, 0x0000000610800000|  0%| F|  |TAMS 0x0000000610400000| PB 0x0000000610400000| Untracked 
|  66|0x0000000610800000, 0x0000000610800000, 0x0000000610c00000|  0%| F|  |TAMS 0x0000000610800000| PB 0x0000000610800000| Untracked 
|  67|0x0000000610c00000, 0x0000000610c00000, 0x0000000611000000|  0%| F|  |TAMS 0x0000000610c00000| PB 0x0000000610c00000| Untracked 
|  68|0x0000000611000000, 0x0000000611000000, 0x0000000611400000|  0%| F|  |TAMS 0x0000000611000000| PB 0x0000000611000000| Untracked 
|  69|0x0000000611400000, 0x0000000611400000, 0x0000000611800000|  0%| F|  |TAMS 0x0000000611400000| PB 0x0000000611400000| Untracked 
|  70|0x0000000611800000, 0x0000000611800000, 0x0000000611c00000|  0%| F|  |TAMS 0x0000000611800000| PB 0x0000000611800000| Untracked 
|  71|0x0000000611c00000, 0x0000000611c00000, 0x0000000612000000|  0%| F|  |TAMS 0x0000000611c00000| PB 0x0000000611c00000| Untracked 
|  72|0x0000000612000000, 0x0000000612000000, 0x0000000612400000|  0%| F|  |TAMS 0x0000000612000000| PB 0x0000000612000000| Untracked 
|  73|0x0000000612400000, 0x0000000612400000, 0x0000000612800000|  0%| F|  |TAMS 0x0000000612400000| PB 0x0000000612400000| Untracked 
|  74|0x0000000612800000, 0x0000000612800000, 0x0000000612c00000|  0%| F|  |TAMS 0x0000000612800000| PB 0x0000000612800000| Untracked 
|  75|0x0000000612c00000, 0x0000000612c00000, 0x0000000613000000|  0%| F|  |TAMS 0x0000000612c00000| PB 0x0000000612c00000| Untracked 
|  76|0x0000000613000000, 0x0000000613000000, 0x0000000613400000|  0%| F|  |TAMS 0x0000000613000000| PB 0x0000000613000000| Untracked 
|  77|0x0000000613400000, 0x0000000613400000, 0x0000000613800000|  0%| F|  |TAMS 0x0000000613400000| PB 0x0000000613400000| Untracked 
|  78|0x0000000613800000, 0x0000000613800000, 0x0000000613c00000|  0%| F|  |TAMS 0x0000000613800000| PB 0x0000000613800000| Untracked 
|  79|0x0000000613c00000, 0x0000000613c00000, 0x0000000614000000|  0%| F|  |TAMS 0x0000000613c00000| PB 0x0000000613c00000| Untracked 
|  80|0x0000000614000000, 0x0000000614000000, 0x0000000614400000|  0%| F|  |TAMS 0x0000000614000000| PB 0x0000000614000000| Untracked 
|  81|0x0000000614400000, 0x0000000614400000, 0x0000000614800000|  0%| F|  |TAMS 0x0000000614400000| PB 0x0000000614400000| Untracked 
|  82|0x0000000614800000, 0x0000000614800000, 0x0000000614c00000|  0%| F|  |TAMS 0x0000000614800000| PB 0x0000000614800000| Untracked 
|  83|0x0000000614c00000, 0x0000000614c00000, 0x0000000615000000|  0%| F|  |TAMS 0x0000000614c00000| PB 0x0000000614c00000| Untracked 
|  84|0x0000000615000000, 0x0000000615000000, 0x0000000615400000|  0%| F|  |TAMS 0x0000000615000000| PB 0x0000000615000000| Untracked 
|  85|0x0000000615400000, 0x0000000615400000, 0x0000000615800000|  0%| F|  |TAMS 0x0000000615400000| PB 0x0000000615400000| Untracked 
|  86|0x0000000615800000, 0x0000000615800000, 0x0000000615c00000|  0%| F|  |TAMS 0x0000000615800000| PB 0x0000000615800000| Untracked 
|  87|0x0000000615c00000, 0x0000000615c00000, 0x0000000616000000|  0%| F|  |TAMS 0x0000000615c00000| PB 0x0000000615c00000| Untracked 
|  88|0x0000000616000000, 0x0000000616000000, 0x0000000616400000|  0%| F|  |TAMS 0x0000000616000000| PB 0x0000000616000000| Untracked 
|  89|0x0000000616400000, 0x0000000616400000, 0x0000000616800000|  0%| F|  |TAMS 0x0000000616400000| PB 0x0000000616400000| Untracked 
|  90|0x0000000616800000, 0x0000000616800000, 0x0000000616c00000|  0%| F|  |TAMS 0x0000000616800000| PB 0x0000000616800000| Untracked 
|  91|0x0000000616c00000, 0x0000000616c00000, 0x0000000617000000|  0%| F|  |TAMS 0x0000000616c00000| PB 0x0000000616c00000| Untracked 
|  92|0x0000000617000000, 0x0000000617000000, 0x0000000617400000|  0%| F|  |TAMS 0x0000000617000000| PB 0x0000000617000000| Untracked 
|  93|0x0000000617400000, 0x0000000617400000, 0x0000000617800000|  0%| F|  |TAMS 0x0000000617400000| PB 0x0000000617400000| Untracked 
|  94|0x0000000617800000, 0x0000000617800000, 0x0000000617c00000|  0%| F|  |TAMS 0x0000000617800000| PB 0x0000000617800000| Untracked 
|  95|0x0000000617c00000, 0x0000000617c00000, 0x0000000618000000|  0%| F|  |TAMS 0x0000000617c00000| PB 0x0000000617c00000| Untracked 
|  96|0x0000000618000000, 0x0000000618000000, 0x0000000618400000|  0%| F|  |TAMS 0x0000000618000000| PB 0x0000000618000000| Untracked 
|  97|0x0000000618400000, 0x0000000618400000, 0x0000000618800000|  0%| F|  |TAMS 0x0000000618400000| PB 0x0000000618400000| Untracked 
|  98|0x0000000618800000, 0x0000000618800000, 0x0000000618c00000|  0%| F|  |TAMS 0x0000000618800000| PB 0x0000000618800000| Untracked 
|  99|0x0000000618c00000, 0x0000000618c00000, 0x0000000619000000|  0%| F|  |TAMS 0x0000000618c00000| PB 0x0000000618c00000| Untracked 
| 100|0x0000000619000000, 0x00000006193cee70, 0x0000000619400000| 95%| S|CS|TAMS 0x0000000619000000| PB 0x0000000619000000| Complete 
| 101|0x0000000619400000, 0x0000000619800000, 0x0000000619800000|100%| S|CS|TAMS 0x0000000619400000| PB 0x0000000619400000| Complete 
| 102|0x0000000619800000, 0x0000000619c00000, 0x0000000619c00000|100%| S|CS|TAMS 0x0000000619800000| PB 0x0000000619800000| Complete 
| 103|0x0000000619c00000, 0x000000061a000000, 0x000000061a000000|100%| S|CS|TAMS 0x0000000619c00000| PB 0x0000000619c00000| Complete 
| 104|0x000000061a000000, 0x000000061a000000, 0x000000061a400000|  0%| F|  |TAMS 0x000000061a000000| PB 0x000000061a000000| Untracked 
| 105|0x000000061a400000, 0x000000061a400000, 0x000000061a800000|  0%| F|  |TAMS 0x000000061a400000| PB 0x000000061a400000| Untracked 
| 106|0x000000061a800000, 0x000000061a800000, 0x000000061ac00000|  0%| F|  |TAMS 0x000000061a800000| PB 0x000000061a800000| Untracked 
| 107|0x000000061ac00000, 0x000000061ac00000, 0x000000061b000000|  0%| F|  |TAMS 0x000000061ac00000| PB 0x000000061ac00000| Untracked 
| 108|0x000000061b000000, 0x000000061b000000, 0x000000061b400000|  0%| F|  |TAMS 0x000000061b000000| PB 0x000000061b000000| Untracked 
| 109|0x000000061b400000, 0x000000061b400000, 0x000000061b800000|  0%| F|  |TAMS 0x000000061b400000| PB 0x000000061b400000| Untracked 
| 110|0x000000061b800000, 0x000000061b800000, 0x000000061bc00000|  0%| F|  |TAMS 0x000000061b800000| PB 0x000000061b800000| Untracked 
| 111|0x000000061bc00000, 0x000000061bc00000, 0x000000061c000000|  0%| F|  |TAMS 0x000000061bc00000| PB 0x000000061bc00000| Untracked 
| 112|0x000000061c000000, 0x000000061c000000, 0x000000061c400000|  0%| F|  |TAMS 0x000000061c000000| PB 0x000000061c000000| Untracked 
| 113|0x000000061c400000, 0x000000061c400000, 0x000000061c800000|  0%| F|  |TAMS 0x000000061c400000| PB 0x000000061c400000| Untracked 
| 114|0x000000061c800000, 0x000000061c800000, 0x000000061cc00000|  0%| F|  |TAMS 0x000000061c800000| PB 0x000000061c800000| Untracked 
| 115|0x000000061cc00000, 0x000000061cc00000, 0x000000061d000000|  0%| F|  |TAMS 0x000000061cc00000| PB 0x000000061cc00000| Untracked 
| 116|0x000000061d000000, 0x000000061d000000, 0x000000061d400000|  0%| F|  |TAMS 0x000000061d000000| PB 0x000000061d000000| Untracked 
| 117|0x000000061d400000, 0x000000061d400000, 0x000000061d800000|  0%| F|  |TAMS 0x000000061d400000| PB 0x000000061d400000| Untracked 
| 118|0x000000061d800000, 0x000000061d800000, 0x000000061dc00000|  0%| F|  |TAMS 0x000000061d800000| PB 0x000000061d800000| Untracked 
| 119|0x000000061dc00000, 0x000000061dc00000, 0x000000061e000000|  0%| F|  |TAMS 0x000000061dc00000| PB 0x000000061dc00000| Untracked 
| 120|0x000000061e000000, 0x000000061e000000, 0x000000061e400000|  0%| F|  |TAMS 0x000000061e000000| PB 0x000000061e000000| Untracked 
| 121|0x000000061e400000, 0x000000061e400000, 0x000000061e800000|  0%| F|  |TAMS 0x000000061e400000| PB 0x000000061e400000| Untracked 
| 122|0x000000061e800000, 0x000000061e800000, 0x000000061ec00000|  0%| F|  |TAMS 0x000000061e800000| PB 0x000000061e800000| Untracked 
| 123|0x000000061ec00000, 0x000000061ec00000, 0x000000061f000000|  0%| F|  |TAMS 0x000000061ec00000| PB 0x000000061ec00000| Untracked 
| 124|0x000000061f000000, 0x000000061f000000, 0x000000061f400000|  0%| F|  |TAMS 0x000000061f000000| PB 0x000000061f000000| Untracked 
| 125|0x000000061f400000, 0x000000061f400000, 0x000000061f800000|  0%| F|  |TAMS 0x000000061f400000| PB 0x000000061f400000| Untracked 
| 126|0x000000061f800000, 0x000000061f800000, 0x000000061fc00000|  0%| F|  |TAMS 0x000000061f800000| PB 0x000000061f800000| Untracked 
| 127|0x000000061fc00000, 0x000000061fc00000, 0x0000000620000000|  0%| F|  |TAMS 0x000000061fc00000| PB 0x000000061fc00000| Untracked 
| 128|0x0000000620000000, 0x0000000620000000, 0x0000000620400000|  0%| F|  |TAMS 0x0000000620000000| PB 0x0000000620000000| Untracked 
| 129|0x0000000620400000, 0x0000000620400000, 0x0000000620800000|  0%| F|  |TAMS 0x0000000620400000| PB 0x0000000620400000| Untracked 
| 130|0x0000000620800000, 0x0000000620800000, 0x0000000620c00000|  0%| F|  |TAMS 0x0000000620800000| PB 0x0000000620800000| Untracked 
| 131|0x0000000620c00000, 0x0000000620c00000, 0x0000000621000000|  0%| F|  |TAMS 0x0000000620c00000| PB 0x0000000620c00000| Untracked 
| 132|0x0000000621000000, 0x0000000621000000, 0x0000000621400000|  0%| F|  |TAMS 0x0000000621000000| PB 0x0000000621000000| Untracked 
| 133|0x0000000621400000, 0x0000000621400000, 0x0000000621800000|  0%| F|  |TAMS 0x0000000621400000| PB 0x0000000621400000| Untracked 
| 134|0x0000000621800000, 0x0000000621800000, 0x0000000621c00000|  0%| F|  |TAMS 0x0000000621800000| PB 0x0000000621800000| Untracked 
| 135|0x0000000621c00000, 0x0000000621c00000, 0x0000000622000000|  0%| F|  |TAMS 0x0000000621c00000| PB 0x0000000621c00000| Untracked 
| 136|0x0000000622000000, 0x0000000622000000, 0x0000000622400000|  0%| F|  |TAMS 0x0000000622000000| PB 0x0000000622000000| Untracked 
| 137|0x0000000622400000, 0x0000000622400000, 0x0000000622800000|  0%| F|  |TAMS 0x0000000622400000| PB 0x0000000622400000| Untracked 
|2047|0x00000007ffc00000, 0x00000007ffc00000, 0x0000000800000000|  0%| F|  |TAMS 0x00000007ffc00000| PB 0x00000007ffc00000| Untracked 

Card table byte_map: [0x0000021965250000,0x0000021966250000] _byte_map_base: 0x0000021962250000

Marking Bits: (CMBitMap*) 0x000002195bd66df0
 Bits: [0x0000021966250000, 0x000002196e250000)

Polling page: 0x000002195b490000

Metaspace:

Usage:
  Non-class:     87.69 MB used.
      Class:     14.36 MB used.
       Both:    102.06 MB used.

Virtual space:
  Non-class space:      128.00 MB reserved,      89.00 MB ( 70%) committed,  2 nodes.
      Class space:        1.00 GB reserved,      15.62 MB (  2%) committed,  1 nodes.
             Both:        1.12 GB reserved,     104.62 MB (  9%) committed. 

Chunk freelists:
   Non-Class:  6.58 MB
       Class:  415.00 KB
        Both:  6.98 MB

MaxMetaspaceSize: 4.00 GB
CompressedClassSpaceSize: 1.00 GB
Initial GC threshold: 21.00 MB
Current GC threshold: 168.69 MB
CDS: on
 - commit_granule_bytes: 65536.
 - commit_granule_words: 8192.
 - virtual_space_node_default_size: 8388608.
 - enlarge_chunks_in_place: 1.
 - use_allocation_guard: 0.


Internal statistics:

num_allocs_failed_limit: 6.
num_arena_births: 4516.
num_arena_deaths: 0.
num_vsnodes_births: 3.
num_vsnodes_deaths: 0.
num_space_committed: 1674.
num_space_uncommitted: 0.
num_chunks_returned_to_freelist: 6.
num_chunks_taken_from_freelist: 9570.
num_chunk_merges: 3.
num_chunk_splits: 6178.
num_chunks_enlarged: 3810.
num_inconsistent_stats: 0.

CodeHeap 'non-profiled nmethods': size=259264Kb used=9844Kb max_used=9844Kb free=249419Kb
 bounds [0x00000219102d0000, 0x0000021910c70000, 0x0000021920000000]
CodeHeap 'profiled nmethods': size=259264Kb used=25800Kb max_used=25800Kb free=233463Kb
 bounds [0x0000021900000000, 0x0000021901940000, 0x000002190fd30000]
CodeHeap 'non-nmethods': size=5760Kb used=2919Kb max_used=2969Kb free=2840Kb
 bounds [0x000002190fd30000, 0x0000021910030000, 0x00000219102d0000]
 total_blobs=14265 nmethods=13258 adapters=911
 compilation: enabled
              stopped_count=0, restarted_count=0
 full_count=0

Compilation events (20 events):
Event: 197.348 Thread 0x00000219708140a0 15615       4       java.util.concurrent.ConcurrentHashMap::sumCount (60 bytes)
Event: 197.351 Thread 0x00000219708140a0 nmethod 15615 0x0000021910c5e190 code [0x0000021910c5e320, 0x0000021910c5e478]
Event: 197.401 Thread 0x00000219708140a0 15616       4       com.google.common.collect.CollectSpliterators$1WithCharacteristics$$Lambda/0x0000021972541a68::accept (13 bytes)
Event: 197.417 Thread 0x00000219708140a0 nmethod 15616 0x0000021910c5e590 code [0x0000021910c5e7c0, 0x0000021910c5f0a0]
Event: 197.513 Thread 0x00000219708803f0 15617       3       org.gradle.internal.operations.DefaultBuildOperationQueue$WorkerRunnable::doRunBatch (44 bytes)
Event: 197.514 Thread 0x00000219708803f0 nmethod 15617 0x0000021901930d90 code [0x0000021901930fa0, 0x0000021901931510]
Event: 197.551 Thread 0x00000219708140a0 15618   !   4       org.gradle.internal.execution.history.impl.DefaultImmutableWorkspaceMetadataStore::loadWorkspaceMetadata (185 bytes)
Event: 197.892 Thread 0x00000219708803f0 15621       3       com.google.common.cache.LocalCache$Segment::cleanUp (21 bytes)
Event: 197.893 Thread 0x00000219708803f0 nmethod 15621 0x0000021901931910 code [0x0000021901931b00, 0x0000021901931ff0]
Event: 197.979 Thread 0x00000219708140a0 nmethod 15618 0x0000021910c5f710 code [0x0000021910c5fe00, 0x0000021910c65b20]
Event: 197.980 Thread 0x00000219708140a0 15622       4       java.util.stream.IntPipeline::adapt (35 bytes)
Event: 197.981 Thread 0x00000219708140a0 nmethod 15622 0x0000021910c6b590 code [0x0000021910c6b720, 0x0000021910c6b7f0]
Event: 197.981 Thread 0x00000219708140a0 15620   !   4       org.gradle.internal.Deferrable$3::completeAndGet (46 bytes)
Event: 197.985 Thread 0x00000219708140a0 nmethod 15620 0x0000021910c6b890 code [0x0000021910c6ba20, 0x0000021910c6be30]
Event: 197.985 Thread 0x00000219708140a0 15619       4       org.gradle.cache.internal.LockOnDemandCrossProcessCacheAccess$UnlockAction::run (8 bytes)
Event: 197.994 Thread 0x00000219708140a0 nmethod 15619 0x0000021910c6bf90 code [0x0000021910c6c180, 0x0000021910c6c6d0]
Event: 197.997 Thread 0x00000219708140a0 15623       4       com.google.common.collect.CollectSpliterators$1WithCharacteristics::estimateSize (10 bytes)
Event: 197.998 Thread 0x00000219708140a0 nmethod 15623 0x0000021910c6ca90 code [0x0000021910c6cc20, 0x0000021910c6cd08]
Event: 198.071 Thread 0x00000219708140a0 15624       4       org.gradle.internal.execution.steps.IdentifyStep$1::<init> (15 bytes)
Event: 198.074 Thread 0x00000219708140a0 nmethod 15624 0x0000021910c6ce10 code [0x0000021910c6cfa0, 0x0000021910c6d210]

GC Heap History (20 events):
Event: 134.236 GC heap after
{Heap after GC invocations=54 (full 0):
 garbage-first heap   total 380928K, used 132533K [0x0000000600000000, 0x0000000800000000)
  region size 4096K, 1 young (4096K), 1 survivors (4096K)
 Metaspace       used 87619K, committed 89920K, reserved 1179648K
  class space    used 12210K, committed 13376K, reserved 1048576K
}
Event: 137.113 GC heap before
{Heap before GC invocations=55 (full 0):
 garbage-first heap   total 380928K, used 193973K [0x0000000600000000, 0x0000000800000000)
  region size 4096K, 17 young (69632K), 1 survivors (4096K)
 Metaspace       used 87638K, committed 89920K, reserved 1179648K
  class space    used 12213K, committed 13376K, reserved 1048576K
}
Event: 137.125 GC heap after
{Heap after GC invocations=56 (full 0):
 garbage-first heap   total 380928K, used 135368K [0x0000000600000000, 0x0000000800000000)
  region size 4096K, 2 young (8192K), 2 survivors (8192K)
 Metaspace       used 87638K, committed 89920K, reserved 1179648K
  class space    used 12213K, committed 13376K, reserved 1048576K
}
Event: 153.317 GC heap before
{Heap before GC invocations=56 (full 0):
 garbage-first heap   total 380928K, used 331976K [0x0000000600000000, 0x0000000800000000)
  region size 4096K, 50 young (204800K), 2 survivors (8192K)
 Metaspace       used 95775K, committed 98112K, reserved 1179648K
  class space    used 13475K, committed 14656K, reserved 1048576K
}
Event: 153.660 GC heap after
{Heap after GC invocations=57 (full 0):
 garbage-first heap   total 380928K, used 153505K [0x0000000600000000, 0x0000000800000000)
  region size 4096K, 6 young (24576K), 6 survivors (24576K)
 Metaspace       used 95775K, committed 98112K, reserved 1179648K
  class space    used 13475K, committed 14656K, reserved 1048576K
}
Event: 168.619 GC heap before
{Heap before GC invocations=57 (full 0):
 garbage-first heap   total 380928K, used 227233K [0x0000000600000000, 0x0000000800000000)
  region size 4096K, 24 young (98304K), 6 survivors (24576K)
 Metaspace       used 100484K, committed 102976K, reserved 1179648K
  class space    used 14093K, committed 15360K, reserved 1048576K
}
Event: 168.999 GC heap after
{Heap after GC invocations=58 (full 0):
 garbage-first heap   total 380928K, used 156091K [0x0000000600000000, 0x0000000800000000)
  region size 4096K, 1 young (4096K), 1 survivors (4096K)
 Metaspace       used 100484K, committed 102976K, reserved 1179648K
  class space    used 14093K, committed 15360K, reserved 1048576K
}
Event: 171.750 GC heap before
{Heap before GC invocations=59 (full 0):
 garbage-first heap   total 380928K, used 205243K [0x0000000600000000, 0x0000000800000000)
  region size 4096K, 13 young (53248K), 1 survivors (4096K)
 Metaspace       used 101508K, committed 104000K, reserved 1179648K
  class space    used 14276K, committed 15552K, reserved 1048576K
}
Event: 171.765 GC heap after
{Heap after GC invocations=60 (full 0):
 garbage-first heap   total 380928K, used 161296K [0x0000000600000000, 0x0000000800000000)
  region size 4096K, 2 young (8192K), 2 survivors (8192K)
 Metaspace       used 101508K, committed 104000K, reserved 1179648K
  class space    used 14276K, committed 15552K, reserved 1048576K
}
Event: 173.900 GC heap before
{Heap before GC invocations=60 (full 0):
 garbage-first heap   total 380928K, used 239120K [0x0000000600000000, 0x0000000800000000)
  region size 4096K, 22 young (90112K), 2 survivors (8192K)
 Metaspace       used 102022K, committed 104576K, reserved 1179648K
  class space    used 14343K, committed 15616K, reserved 1048576K
}
Event: 174.006 GC heap after
{Heap after GC invocations=61 (full 0):
 garbage-first heap   total 569344K, used 166884K [0x0000000600000000, 0x0000000800000000)
  region size 4096K, 3 young (12288K), 3 survivors (12288K)
 Metaspace       used 102022K, committed 104576K, reserved 1179648K
  class space    used 14343K, committed 15616K, reserved 1048576K
}
Event: 176.318 GC heap before
{Heap before GC invocations=61 (full 0):
 garbage-first heap   total 569344K, used 211940K [0x0000000600000000, 0x0000000800000000)
  region size 4096K, 15 young (61440K), 3 survivors (12288K)
 Metaspace       used 102677K, committed 105216K, reserved 1179648K
  class space    used 14441K, committed 15680K, reserved 1048576K
}
Event: 176.545 GC heap after
{Heap after GC invocations=62 (full 0):
 garbage-first heap   total 569344K, used 171780K [0x0000000600000000, 0x0000000800000000)
  region size 4096K, 2 young (8192K), 2 survivors (8192K)
 Metaspace       used 102677K, committed 105216K, reserved 1179648K
  class space    used 14441K, committed 15680K, reserved 1048576K
}
Event: 184.164 GC heap before
{Heap before GC invocations=62 (full 0):
 garbage-first heap   total 569344K, used 257796K [0x0000000600000000, 0x0000000800000000)
  region size 4096K, 23 young (94208K), 2 survivors (8192K)
 Metaspace       used 103398K, committed 105920K, reserved 1179648K
  class space    used 14574K, committed 15808K, reserved 1048576K
}
Event: 184.329 GC heap after
{Heap after GC invocations=63 (full 0):
 garbage-first heap   total 569344K, used 179313K [0x0000000600000000, 0x0000000800000000)
  region size 4096K, 2 young (8192K), 2 survivors (8192K)
 Metaspace       used 103398K, committed 105920K, reserved 1179648K
  class space    used 14574K, committed 15808K, reserved 1048576K
}
Event: 191.240 GC heap before
{Heap before GC invocations=63 (full 0):
 garbage-first heap   total 569344K, used 273521K [0x0000000600000000, 0x0000000800000000)
  region size 4096K, 25 young (102400K), 2 survivors (8192K)
 Metaspace       used 103862K, committed 106496K, reserved 1179648K
  class space    used 14639K, committed 15936K, reserved 1048576K
}
Event: 191.272 GC heap after
{Heap after GC invocations=64 (full 0):
 garbage-first heap   total 569344K, used 187969K [0x0000000600000000, 0x0000000800000000)
  region size 4096K, 4 young (16384K), 4 survivors (16384K)
 Metaspace       used 103862K, committed 106496K, reserved 1179648K
  class space    used 14639K, committed 15936K, reserved 1048576K
}
Event: 193.791 GC heap before
{Heap before GC invocations=64 (full 0):
 garbage-first heap   total 569344K, used 249409K [0x0000000600000000, 0x0000000800000000)
  region size 4096K, 19 young (77824K), 4 survivors (16384K)
 Metaspace       used 104357K, committed 107008K, reserved 1179648K
  class space    used 14691K, committed 16000K, reserved 1048576K
}
Event: 193.873 GC heap after
{Heap after GC invocations=65 (full 0):
 garbage-first heap   total 569344K, used 194622K [0x0000000600000000, 0x0000000800000000)
  region size 4096K, 2 young (8192K), 2 survivors (8192K)
 Metaspace       used 104357K, committed 107008K, reserved 1179648K
  class space    used 14691K, committed 16000K, reserved 1048576K
}
Event: 198.135 GC heap before
{Heap before GC invocations=65 (full 0):
 garbage-first heap   total 569344K, used 325694K [0x0000000600000000, 0x0000000800000000)
  region size 4096K, 35 young (143360K), 2 survivors (8192K)
 Metaspace       used 104507K, committed 107136K, reserved 1179648K
  class space    used 14707K, committed 16000K, reserved 1048576K
}

Dll operation events (15 events):
Event: 0.028 Loaded shared library C:\Program Files\Java\jdk-21\bin\java.dll
Event: 0.377 Loaded shared library C:\Program Files\Java\jdk-21\bin\jsvml.dll
Event: 1.221 Loaded shared library C:\Program Files\Java\jdk-21\bin\zip.dll
Event: 1.236 Loaded shared library C:\Program Files\Java\jdk-21\bin\instrument.dll
Event: 1.249 Loaded shared library C:\Program Files\Java\jdk-21\bin\net.dll
Event: 1.255 Loaded shared library C:\Program Files\Java\jdk-21\bin\nio.dll
Event: 1.261 Loaded shared library C:\Program Files\Java\jdk-21\bin\zip.dll
Event: 2.197 Loaded shared library C:\Program Files\Java\jdk-21\bin\jimage.dll
Event: 3.309 Loaded shared library C:\Program Files\Java\jdk-21\bin\verify.dll
Event: 4.017 Loaded shared library C:\Users\user\.gradle\native\c067742578af261105cb4f569cf0c3c89f3d7b1fecec35dd04571415982c5e48\windows-amd64\native-platform.dll
Event: 4.054 Loaded shared library C:\Users\user\.gradle\native\100fb08df4bc3b14c8652ba06237920a3bd2aa13389f12d3474272988ae205f9\windows-amd64\native-platform-file-events.dll
Event: 10.335 Loaded shared library C:\Program Files\Java\jdk-21\bin\management.dll
Event: 10.355 Loaded shared library C:\Program Files\Java\jdk-21\bin\management_ext.dll
Event: 11.052 Loaded shared library C:\Program Files\Java\jdk-21\bin\extnet.dll
Event: 11.655 Loaded shared library C:\Program Files\Java\jdk-21\bin\sunmscapi.dll

Deoptimization events (20 events):
Event: 196.399 Thread 0x00000219b7e4e500 DEOPT PACKING pc=0x0000021910894a84 sp=0x0000002cae7fd0e0
Event: 196.400 Thread 0x00000219b7e4e500 DEOPT UNPACKING pc=0x000002190fd846a2 sp=0x0000002cae7fd098 mode 2
Event: 196.400 Thread 0x00000219b7e4e500 Uncommon trap: trap_request=0xffffffbe fr.pc=0x0000021910894a84 relative=0x0000000000001ce4
Event: 196.400 Thread 0x00000219b7e4e500 Uncommon trap: reason=profile_predicate action=maybe_recompile pc=0x0000021910894a84 method=com.google.common.collect.MapMakerInternalMap$Segment.expand()V @ 56 c2
Event: 196.400 Thread 0x00000219b7e4e500 DEOPT PACKING pc=0x0000021910894a84 sp=0x0000002cae7fd0e0
Event: 196.400 Thread 0x00000219b7e4e500 DEOPT UNPACKING pc=0x000002190fd846a2 sp=0x0000002cae7fd098 mode 2
Event: 196.400 Thread 0x00000219b7e4e500 Uncommon trap: trap_request=0xffffffbe fr.pc=0x0000021910894a84 relative=0x0000000000001ce4
Event: 196.400 Thread 0x00000219b7e4e500 Uncommon trap: reason=profile_predicate action=maybe_recompile pc=0x0000021910894a84 method=com.google.common.collect.MapMakerInternalMap$Segment.expand()V @ 56 c2
Event: 196.400 Thread 0x00000219b7e4e500 DEOPT PACKING pc=0x0000021910894a84 sp=0x0000002cae7fd0e0
Event: 196.400 Thread 0x00000219b7e4e500 DEOPT UNPACKING pc=0x000002190fd846a2 sp=0x0000002cae7fd098 mode 2
Event: 196.515 Thread 0x0000021970aac3a0 Uncommon trap: trap_request=0xffffffbe fr.pc=0x0000021910bad230 relative=0x0000000000001ef0
Event: 196.515 Thread 0x0000021970aac3a0 Uncommon trap: reason=profile_predicate action=maybe_recompile pc=0x0000021910bad230 method=com.google.common.collect.MapMakerInternalMap$Segment.expand()V @ 59 c2
Event: 196.515 Thread 0x0000021970aac3a0 DEOPT PACKING pc=0x0000021910bad230 sp=0x0000002cab3f4fe0
Event: 196.515 Thread 0x0000021970aac3a0 DEOPT UNPACKING pc=0x000002190fd846a2 sp=0x0000002cab3f4f88 mode 2
Event: 196.709 Thread 0x0000021970aac3a0 DEOPT PACKING pc=0x0000021900e489d0 sp=0x0000002cab3f6b40
Event: 196.709 Thread 0x0000021970aac3a0 DEOPT UNPACKING pc=0x000002190fd84e42 sp=0x0000002cab3f61a8 mode 0
Event: 196.924 Thread 0x0000021970aac3a0 Uncommon trap: trap_request=0xffffffbe fr.pc=0x0000021910bad230 relative=0x0000000000001ef0
Event: 196.924 Thread 0x0000021970aac3a0 Uncommon trap: reason=profile_predicate action=maybe_recompile pc=0x0000021910bad230 method=com.google.common.collect.MapMakerInternalMap$Segment.expand()V @ 59 c2
Event: 196.924 Thread 0x0000021970aac3a0 DEOPT PACKING pc=0x0000021910bad230 sp=0x0000002cab3f7100
Event: 196.924 Thread 0x0000021970aac3a0 DEOPT UNPACKING pc=0x000002190fd846a2 sp=0x0000002cab3f70a8 mode 2

Classes loaded (20 events):
Event: 175.840 Loading class java/lang/EnumCustomizer
Event: 175.840 Loading class java/lang/EnumCustomizer done
Event: 188.337 Loading class jdk/internal/reflect/MethodHandleBooleanFieldAccessorImpl
Event: 188.345 Loading class jdk/internal/reflect/MethodHandleBooleanFieldAccessorImpl done
Event: 190.164 Loading class java/util/regex/PatternBeanInfo
Event: 190.168 Loading class java/util/regex/PatternBeanInfo done
Event: 190.170 Loading class java/util/regex/PatternBeanInfo
Event: 190.170 Loading class java/util/regex/PatternBeanInfo done
Event: 190.171 Loading class java/util/regex/PatternCustomizer
Event: 190.171 Loading class java/util/regex/PatternCustomizer done
Event: 190.172 Loading class java/util/regex/PatternCustomizer
Event: 190.172 Loading class java/util/regex/PatternCustomizer done
Event: 190.211 Loading class java/util/regex/MatcherBeanInfo
Event: 190.213 Loading class java/util/regex/MatcherBeanInfo done
Event: 190.213 Loading class java/util/regex/MatcherBeanInfo
Event: 190.213 Loading class java/util/regex/MatcherBeanInfo done
Event: 190.214 Loading class java/util/regex/MatcherCustomizer
Event: 190.214 Loading class java/util/regex/MatcherCustomizer done
Event: 190.216 Loading class java/util/regex/MatcherCustomizer
Event: 190.216 Loading class java/util/regex/MatcherCustomizer done

Classes unloaded (0 events):
No events

Classes redefined (0 events):
No events

Internal exceptions (20 events):
Event: 191.844 Thread 0x0000021970aac3a0 Exception <a 'java/lang/ClassNotFoundException'{0x0000000621d9d0d8}: build_cul2sjmul7gu1kzwdm21oiz3iBeanInfo> (0x0000000621d9d0d8) 
thrown [s\open\src\hotspot\share\classfile\systemDictionary.cpp, line 312]
Event: 191.845 Thread 0x0000021970aac3a0 Exception <a 'java/lang/ClassNotFoundException'{0x0000000621da3a48}: build_cul2sjmul7gu1kzwdm21oiz3iCustomizer> (0x0000000621da3a48) 
thrown [s\open\src\hotspot\share\classfile\systemDictionary.cpp, line 312]
Event: 192.670 Thread 0x0000021970aac3a0 Exception <a 'java/lang/ClassNotFoundException'{0x0000000620e21e20}: build_cul2sjmul7gu1kzwdm21oiz3iBeanInfo> (0x0000000620e21e20) 
thrown [s\open\src\hotspot\share\classfile\systemDictionary.cpp, line 312]
Event: 192.671 Thread 0x0000021970aac3a0 Exception <a 'java/lang/ClassNotFoundException'{0x0000000620e28730}: build_cul2sjmul7gu1kzwdm21oiz3iCustomizer> (0x0000000620e28730) 
thrown [s\open\src\hotspot\share\classfile\systemDictionary.cpp, line 312]
Event: 192.780 Thread 0x00000219b77c0db0 Implicit null exception at 0x0000021910b541a3 to 0x0000021910b54878
Event: 192.780 Thread 0x00000219b77c0db0 Implicit null exception at 0x000002191084f0ee to 0x000002191084f888
Event: 192.807 Thread 0x0000021970aac3a0 Exception <a 'java/lang/ClassNotFoundException'{0x0000000620fbdcf8}: build_cul2sjmul7gu1kzwdm21oiz3i$_run_closure1BeanInfo> (0x0000000620fbdcf8) 
thrown [s\open\src\hotspot\share\classfile\systemDictionary.cpp, line 312]
Event: 192.808 Thread 0x0000021970aac3a0 Exception <a 'java/lang/ClassNotFoundException'{0x0000000620fc87a0}: build_cul2sjmul7gu1kzwdm21oiz3i$_run_closure1Customizer> (0x0000000620fc87a0) 
thrown [s\open\src\hotspot\share\classfile\systemDictionary.cpp, line 312]
Event: 192.913 Thread 0x0000021970aac3a0 Exception <a 'java/lang/ClassNotFoundException'{0x00000006208b16d8}: user_agent_dwho7w1ovgh1petv44oq39v2kBeanInfo> (0x00000006208b16d8) 
thrown [s\open\src\hotspot\share\classfile\systemDictionary.cpp, line 312]
Event: 192.914 Thread 0x0000021970aac3a0 Exception <a 'java/lang/ClassNotFoundException'{0x00000006208bbdd0}: user_agent_dwho7w1ovgh1petv44oq39v2kCustomizer> (0x00000006208bbdd0) 
thrown [s\open\src\hotspot\share\classfile\systemDictionary.cpp, line 312]
Event: 193.254 Thread 0x0000021970aac3a0 Exception <a 'java/lang/ClassNotFoundException'{0x0000000620138f60}: build_4ey34yc5do2h5iohfdlsr238bBeanInfo> (0x0000000620138f60) 
thrown [s\open\src\hotspot\share\classfile\systemDictionary.cpp, line 312]
Event: 193.255 Thread 0x0000021970aac3a0 Exception <a 'java/lang/ClassNotFoundException'{0x000000062013f8d0}: build_4ey34yc5do2h5iohfdlsr238bCustomizer> (0x000000062013f8d0) 
thrown [s\open\src\hotspot\share\classfile\systemDictionary.cpp, line 312]
Event: 193.536 Thread 0x0000021970aac3a0 Exception <a 'java/lang/ClassNotFoundException'{0x000000061f40e980}: build_4ey34yc5do2h5iohfdlsr238bBeanInfo> (0x000000061f40e980) 
thrown [s\open\src\hotspot\share\classfile\systemDictionary.cpp, line 312]
Event: 193.537 Thread 0x0000021970aac3a0 Exception <a 'java/lang/ClassNotFoundException'{0x000000061f415290}: build_4ey34yc5do2h5iohfdlsr238bCustomizer> (0x000000061f415290) 
thrown [s\open\src\hotspot\share\classfile\systemDictionary.cpp, line 312]
Event: 193.891 Thread 0x0000021970aac3a0 Exception <a 'java/lang/ClassNotFoundException'{0x00000007ffc74888}: build_4ey34yc5do2h5iohfdlsr238b$_run_closure3BeanInfo> (0x00000007ffc74888) 
thrown [s\open\src\hotspot\share\classfile\systemDictionary.cpp, line 312]
Event: 193.892 Thread 0x0000021970aac3a0 Exception <a 'java/lang/ClassNotFoundException'{0x00000007ffc7f328}: build_4ey34yc5do2h5iohfdlsr238b$_run_closure3Customizer> (0x00000007ffc7f328) 
thrown [s\open\src\hotspot\share\classfile\systemDictionary.cpp, line 312]
Event: 194.328 Thread 0x0000021970aac3a0 Exception <a 'java/lang/ClassNotFoundException'{0x00000007fffafce8}: user_agent_gxlv6x68q0pnxpap9j3hobnkBeanInfo> (0x00000007fffafce8) 
thrown [s\open\src\hotspot\share\classfile\systemDictionary.cpp, line 312]
Event: 194.329 Thread 0x0000021970aac3a0 Exception <a 'java/lang/ClassNotFoundException'{0x00000007fffba068}: user_agent_gxlv6x68q0pnxpap9j3hobnkCustomizer> (0x00000007fffba068) 
thrown [s\open\src\hotspot\share\classfile\systemDictionary.cpp, line 312]
Event: 194.734 Thread 0x0000021970aac3a0 Exception <a 'java/lang/ClassNotFoundException'{0x0000000621e14340}: build_8jtb1ekmanhty4hmm9nm6m253BeanInfo> (0x0000000621e14340) 
thrown [s\open\src\hotspot\share\classfile\systemDictionary.cpp, line 312]
Event: 194.737 Thread 0x0000021970aac3a0 Exception <a 'java/lang/ClassNotFoundException'{0x0000000621e1acb0}: build_8jtb1ekmanhty4hmm9nm6m253Customizer> (0x0000000621e1acb0) 
thrown [s\open\src\hotspot\share\classfile\systemDictionary.cpp, line 312]

ZGC Phase Switch (0 events):
No events

VM Operations (20 events):
Event: 188.719 Executing VM operation: Cleanup done
Event: 190.734 Executing VM operation: Cleanup
Event: 190.736 Executing VM operation: Cleanup done
Event: 191.214 Executing VM operation: G1CollectForAllocation (G1 Evacuation Pause)
Event: 191.272 Executing VM operation: G1CollectForAllocation (G1 Evacuation Pause) done
Event: 192.287 Executing VM operation: Cleanup
Event: 192.288 Executing VM operation: Cleanup done
Event: 193.301 Executing VM operation: Cleanup
Event: 193.316 Executing VM operation: Cleanup done
Event: 193.764 Executing VM operation: G1CollectForAllocation (G1 Evacuation Pause)
Event: 193.873 Executing VM operation: G1CollectForAllocation (G1 Evacuation Pause) done
Event: 194.874 Executing VM operation: Cleanup
Event: 194.874 Executing VM operation: Cleanup done
Event: 195.886 Executing VM operation: Cleanup
Event: 195.886 Executing VM operation: Cleanup done
Event: 196.899 Executing VM operation: Cleanup
Event: 196.899 Executing VM operation: Cleanup done
Event: 197.914 Executing VM operation: Cleanup
Event: 197.914 Executing VM operation: Cleanup done
Event: 198.135 Executing VM operation: G1CollectForAllocation (G1 Evacuation Pause)

Events (20 events):
Event: 171.196 Thread 0x00000219707ef0b0 flushing nmethod 0x0000021900819f10
Event: 171.196 Thread 0x00000219707ef0b0 flushing nmethod 0x000002190081ba90
Event: 171.196 Thread 0x00000219707ef0b0 flushing nmethod 0x000002190081d510
Event: 171.196 Thread 0x00000219707ef0b0 flushing nmethod 0x00000219008a1710
Event: 171.196 Thread 0x00000219707ef0b0 flushing nmethod 0x00000219008a4310
Event: 171.196 Thread 0x00000219707ef0b0 flushing nmethod 0x000002190090ea10
Event: 171.196 Thread 0x00000219707ef0b0 flushing nmethod 0x0000021900915910
Event: 171.196 Thread 0x00000219707ef0b0 flushing nmethod 0x0000021900940610
Event: 171.196 Thread 0x00000219707ef0b0 flushing nmethod 0x0000021900941110
Event: 171.196 Thread 0x00000219707ef0b0 flushing nmethod 0x0000021900943190
Event: 171.196 Thread 0x00000219707ef0b0 flushing nmethod 0x0000021900a08890
Event: 171.196 Thread 0x00000219707ef0b0 flushing nmethod 0x0000021900a0d210
Event: 171.196 Thread 0x00000219707ef0b0 flushing nmethod 0x0000021900a47910
Event: 171.196 Thread 0x00000219707ef0b0 flushing nmethod 0x0000021900a9c110
Event: 171.196 Thread 0x00000219707ef0b0 flushing nmethod 0x0000021900d5a990
Event: 171.196 Thread 0x00000219707ef0b0 flushing nmethod 0x0000021900e70410
Event: 171.196 Thread 0x00000219707ef0b0 flushing nmethod 0x00000219010bb510
Event: 171.196 Thread 0x00000219707ef0b0 flushing nmethod 0x00000219010bdf10
Event: 171.196 Thread 0x00000219707ef0b0 flushing nmethod 0x0000021901154e10
Event: 172.491 Thread 0x00000219baf28730 Thread added: 0x00000219baf28730


Dynamic libraries:
0x00007ff71f510000 - 0x00007ff71f520000 	C:\Program Files\Java\jdk-21\bin\java.exe
0x00007ffb84070000 - 0x00007ffb84268000 	C:\Windows\SYSTEM32\ntdll.dll
0x00007ffb835e0000 - 0x00007ffb836a2000 	C:\Windows\System32\KERNEL32.DLL
0x00007ffb81710000 - 0x00007ffb81a0f000 	C:\Windows\System32\KERNELBASE.dll
0x00007ffb81be0000 - 0x00007ffb81ce0000 	C:\Windows\System32\ucrtbase.dll
0x00007ffb3c140000 - 0x00007ffb3c159000 	C:\Program Files\Java\jdk-21\bin\jli.dll
0x00007ffb82130000 - 0x00007ffb821df000 	C:\Windows\System32\ADVAPI32.dll
0x00007ffb82090000 - 0x00007ffb8212e000 	C:\Windows\System32\msvcrt.dll
0x00007ffb831e0000 - 0x00007ffb8327f000 	C:\Windows\System32\sechost.dll
0x00007ffb83db0000 - 0x00007ffb83ed3000 	C:\Windows\System32\RPCRT4.dll
0x00007ffb81fc0000 - 0x00007ffb81fe7000 	C:\Windows\System32\bcrypt.dll
0x00007ffb82410000 - 0x00007ffb825ad000 	C:\Windows\System32\USER32.dll
0x00007ffb81f90000 - 0x00007ffb81fb2000 	C:\Windows\System32\win32u.dll
0x00007ffb83ee0000 - 0x00007ffb83f0b000 	C:\Windows\System32\GDI32.dll
0x00007ffb81ac0000 - 0x00007ffb81bda000 	C:\Windows\System32\gdi32full.dll
0x00007ffb81ff0000 - 0x00007ffb8208d000 	C:\Windows\System32\msvcp_win.dll
0x00007ffb7e700000 - 0x00007ffb7e71b000 	C:\Program Files\Java\jdk-21\bin\VCRUNTIME140.dll
0x00007ffb6c010000 - 0x00007ffb6c2aa000 	C:\Windows\WinSxS\amd64_microsoft.windows.common-controls_6595b64144ccf1df_6.0.19041.4355_none_60b8b9eb71f62e16\COMCTL32.dll
0x00007ffb71b40000 - 0x00007ffb71b4a000 	C:\Windows\SYSTEM32\VERSION.dll
0x00007ffb82d20000 - 0x00007ffb82d4f000 	C:\Windows\System32\IMM32.DLL
0x00007ffb7e6d0000 - 0x00007ffb7e6dc000 	C:\Program Files\Java\jdk-21\bin\vcruntime140_1.dll
0x00007ffb3c0a0000 - 0x00007ffb3c12e000 	C:\Program Files\Java\jdk-21\bin\msvcp140.dll
0x00007ffb0df20000 - 0x00007ffb0ec33000 	C:\Program Files\Java\jdk-21\bin\server\jvm.dll
0x00007ffb836b0000 - 0x00007ffb8371b000 	C:\Windows\System32\WS2_32.dll
0x00007ffb80ca0000 - 0x00007ffb80ceb000 	C:\Windows\SYSTEM32\POWRPROF.dll
0x00007ffb70a80000 - 0x00007ffb70aa7000 	C:\Windows\SYSTEM32\WINMM.dll
0x00007ffb80b10000 - 0x00007ffb80b22000 	C:\Windows\SYSTEM32\UMPDC.dll
0x00007ffb7f590000 - 0x00007ffb7f5a2000 	C:\Windows\SYSTEM32\kernel.appcore.dll
0x00007ffb7e6c0000 - 0x00007ffb7e6ca000 	C:\Program Files\Java\jdk-21\bin\jimage.dll
0x00007ffb70cd0000 - 0x00007ffb70eb4000 	C:\Windows\SYSTEM32\DBGHELP.DLL
0x00007ffb70300000 - 0x00007ffb70334000 	C:\Windows\SYSTEM32\dbgcore.DLL
0x00007ffb81e90000 - 0x00007ffb81f12000 	C:\Windows\System32\bcryptPrimitives.dll
0x00007ffb67030000 - 0x00007ffb6703f000 	C:\Program Files\Java\jdk-21\bin\instrument.dll
0x00007ffb7c650000 - 0x00007ffb7c66f000 	C:\Program Files\Java\jdk-21\bin\java.dll
0x00007ffb825b0000 - 0x00007ffb82d1d000 	C:\Windows\System32\SHELL32.dll
0x00007ffb7f790000 - 0x00007ffb7ff33000 	C:\Windows\SYSTEM32\windows.storage.dll
0x00007ffb837d0000 - 0x00007ffb83b25000 	C:\Windows\System32\combase.dll
0x00007ffb81140000 - 0x00007ffb8116b000 	C:\Windows\SYSTEM32\Wldp.dll
0x00007ffb83510000 - 0x00007ffb835dd000 	C:\Windows\System32\OLEAUT32.dll
0x00007ffb83720000 - 0x00007ffb837cd000 	C:\Windows\System32\SHCORE.dll
0x00007ffb83430000 - 0x00007ffb83485000 	C:\Windows\System32\shlwapi.dll
0x00007ffb81640000 - 0x00007ffb81665000 	C:\Windows\SYSTEM32\profapi.dll
0x00007ffb500e0000 - 0x00007ffb501b7000 	C:\Program Files\Java\jdk-21\bin\jsvml.dll
0x00007ffb50750000 - 0x00007ffb50768000 	C:\Program Files\Java\jdk-21\bin\zip.dll
0x00007ffb7deb0000 - 0x00007ffb7dec0000 	C:\Program Files\Java\jdk-21\bin\net.dll
0x00007ffb7ab70000 - 0x00007ffb7ac7a000 	C:\Windows\SYSTEM32\WINHTTP.dll
0x00007ffb80ea0000 - 0x00007ffb80f0c000 	C:\Windows\system32\mswsock.dll
0x00007ffb60810000 - 0x00007ffb60826000 	C:\Program Files\Java\jdk-21\bin\nio.dll
0x00007ffb7dda0000 - 0x00007ffb7ddb0000 	C:\Program Files\Java\jdk-21\bin\verify.dll
0x00007ffb4f0c0000 - 0x00007ffb4f0e7000 	C:\Users\user\.gradle\native\c067742578af261105cb4f569cf0c3c89f3d7b1fecec35dd04571415982c5e48\windows-amd64\native-platform.dll
0x00007ffb2fab0000 - 0x00007ffb2fbf4000 	C:\Users\user\.gradle\native\100fb08df4bc3b14c8652ba06237920a3bd2aa13389f12d3474272988ae205f9\windows-amd64\native-platform-file-events.dll
0x00007ffb72b50000 - 0x00007ffb72b5a000 	C:\Program Files\Java\jdk-21\bin\management.dll
0x00007ffb59880000 - 0x00007ffb5988b000 	C:\Program Files\Java\jdk-21\bin\management_ext.dll
0x00007ffb83b30000 - 0x00007ffb83b38000 	C:\Windows\System32\PSAPI.DLL
0x00007ffb810a0000 - 0x00007ffb810b8000 	C:\Windows\SYSTEM32\CRYPTSP.dll
0x00007ffb80750000 - 0x00007ffb80788000 	C:\Windows\system32\rsaenh.dll
0x00007ffb815c0000 - 0x00007ffb815ee000 	C:\Windows\SYSTEM32\USERENV.dll
0x00007ffb81090000 - 0x00007ffb8109c000 	C:\Windows\SYSTEM32\CRYPTBASE.dll
0x00007ffb80b30000 - 0x00007ffb80b6b000 	C:\Windows\SYSTEM32\IPHLPAPI.DLL
0x00007ffb82290000 - 0x00007ffb82298000 	C:\Windows\System32\NSI.dll
0x00007ffb72b40000 - 0x00007ffb72b49000 	C:\Program Files\Java\jdk-21\bin\extnet.dll
0x00007ffb590f0000 - 0x00007ffb590fe000 	C:\Program Files\Java\jdk-21\bin\sunmscapi.dll
0x00007ffb81ce0000 - 0x00007ffb81e3c000 	C:\Windows\System32\CRYPT32.dll
0x00007ffb811b0000 - 0x00007ffb811d7000 	C:\Windows\SYSTEM32\ncrypt.dll
0x00007ffb81170000 - 0x00007ffb811ab000 	C:\Windows\SYSTEM32\NTASN1.dll
0x00007ffb62210000 - 0x00007ffb62217000 	C:\Windows\system32\wshunix.dll
0x00007ffb6d740000 - 0x00007ffb6d757000 	C:\Windows\system32\napinsp.dll
0x00007ffb6ca70000 - 0x00007ffb6ca8b000 	C:\Windows\system32\pnrpnsp.dll
0x00007ffb6ca50000 - 0x00007ffb6ca65000 	C:\Windows\system32\wshbth.dll
0x00007ffb7cca0000 - 0x00007ffb7ccbd000 	C:\Windows\system32\NLAapi.dll
0x00007ffb80b70000 - 0x00007ffb80c3a000 	C:\Windows\SYSTEM32\DNSAPI.dll
0x00007ffb6ca30000 - 0x00007ffb6ca42000 	C:\Windows\System32\winrnr.dll
0x00007ffb77170000 - 0x00007ffb7717a000 	C:\Windows\System32\rasadhlp.dll
0x00007ffb746e0000 - 0x00007ffb74760000 	C:\Windows\System32\fwpuclnt.dll

dbghelp: loaded successfully - version: 4.0.5 - missing functions: none
symbol engine: initialized successfully - sym options: 0x614 - pdb path: .;C:\Program Files\Java\jdk-21\bin;C:\Windows\SYSTEM32;C:\Windows\WinSxS\amd64_microsoft.windows.common-controls_6595b64144ccf1df_6.0.19041.4355_none_60b8b9eb71f62e16;C:\Program Files\Java\jdk-21\bin\server;C:\Users\user\.gradle\native\c067742578af261105cb4f569cf0c3c89f3d7b1fecec35dd04571415982c5e48\windows-amd64;C:\Users\user\.gradle\native\100fb08df4bc3b14c8652ba06237920a3bd2aa13389f12d3474272988ae205f9\windows-amd64

VM Arguments:
jvm_args: -XX:MaxMetaspaceSize=4G -XX:ReservedCodeCacheSize=512m -XX:+HeapDumpOnOutOfMemoryError --add-opens=java.base/java.util=ALL-UNNAMED --add-opens=java.base/java.lang=ALL-UNNAMED --add-opens=java.base/java.lang.invoke=ALL-UNNAMED --add-opens=java.prefs/java.util.prefs=ALL-UNNAMED --add-exports=jdk.compiler/com.sun.tools.javac.api=ALL-UNNAMED --add-exports=jdk.compiler/com.sun.tools.javac.util=ALL-UNNAMED --add-opens=java.base/java.nio.charset=ALL-UNNAMED --add-opens=java.base/java.net=ALL-UNNAMED --add-opens=java.base/java.util.concurrent.atomic=ALL-UNNAMED -Xmx8G -Dfile.encoding=utf8 -Duser.country=AR -Duser.language=es -Duser.variant -javaagent:C:\Users\user\.gradle\wrapper\dists\gradle-8.10.2-all\7iv73wktx1xtkvlq19urqw1wm\gradle-8.10.2\lib\agents\gradle-instrumentation-agent-8.10.2.jar 
java_command: org.gradle.launcher.daemon.bootstrap.GradleDaemon 8.10.2
java_class_path (initial): C:\Users\user\.gradle\wrapper\dists\gradle-8.10.2-all\7iv73wktx1xtkvlq19urqw1wm\gradle-8.10.2\lib\gradle-daemon-main-8.10.2.jar
Launcher Type: SUN_STANDARD

[Global flags]
     intx CICompilerCount                          = 3                                         {product} {ergonomic}
     uint ConcGCThreads                            = 1                                         {product} {ergonomic}
     uint G1ConcRefinementThreads                  = 4                                         {product} {ergonomic}
   size_t G1HeapRegionSize                         = 4194304                                   {product} {ergonomic}
    uintx GCDrainStackTargetSize                   = 64                                        {product} {ergonomic}
     bool HeapDumpOnOutOfMemoryError               = true                                   {manageable} {command line}
   size_t InitialHeapSize                          = 67108864                                  {product} {ergonomic}
   size_t MarkStackSize                            = 4194304                                   {product} {ergonomic}
   size_t MaxHeapSize                              = 8589934592                                {product} {command line}
   size_t MaxMetaspaceSize                         = 4294967296                                {product} {command line}
   size_t MaxNewSize                               = 5150605312                                {product} {ergonomic}
   size_t MinHeapDeltaBytes                        = 4194304                                   {product} {ergonomic}
   size_t MinHeapSize                              = 8388608                                   {product} {ergonomic}
    uintx NonNMethodCodeHeapSize                   = 5832780                                {pd product} {ergonomic}
    uintx NonProfiledCodeHeapSize                  = 265519066                              {pd product} {ergonomic}
    uintx ProfiledCodeHeapSize                     = 265519066                              {pd product} {ergonomic}
    uintx ReservedCodeCacheSize                    = 536870912                              {pd product} {command line}
     bool SegmentedCodeCache                       = true                                      {product} {ergonomic}
   size_t SoftMaxHeapSize                          = 8589934592                             {manageable} {ergonomic}
     bool UseCompressedOops                        = true                           {product lp64_product} {ergonomic}
     bool UseG1GC                                  = true                                      {product} {ergonomic}
     bool UseLargePagesIndividualAllocation        = false                                  {pd product} {ergonomic}

Logging:
Log output configuration:
 #0: stdout all=warning uptime,level,tags foldmultilines=false
 #1: stderr all=off uptime,level,tags foldmultilines=false

Environment Variables:
PATH=C:\Program Files\Common Files\Oracle\Java\javapath;C:\Program Files (x86)\Intel\iCLS Client\;C:\Program Files\Intel\iCLS Client\;C:\Windows\system32;C:\Windows;C:\Windows\System32\Wbem;C:\Windows\System32\WindowsPowerShell\v1.0\;C:\Windows\System32\OpenSSH\;C:\ProgramData\chocolatey\bin;C:\Program Files\MongoDB\Server\7.0\bin;C:\mongosh\mongosh-1.10.6-win32-x64\bin;C:\Program Files\Microsoft SQL Server\Client SDK\ODBC\170\Tools\Binn\;C:\Program Files\dotnet\;C:\Program Files\Azure Data Studio\bin;C:\Program Files (x86)\Microsoft SQL Server\160\Tools\Binn\;C:\Program Files\Microsoft SQL Server\160\Tools\Binn\;C:\Program Files\Microsoft SQL Server\160\DTS\Binn\;C:\Program Files (x86)\Microsoft SQL Server\160\DTS\Binn\;C:\Program Files (x86)\Intel\Intel(R) Management Engine Components\DAL;C:\Program Files\Intel\Intel(R) Management Engine Components\DAL;C:\Program Files (x86)\Intel\Intel(R) Management Engine Components\IPT;C:\Program Files\Intel\Intel(R) Management Engine Components\IPT;C:\Program Files\nodejs\;C:\Program Files (x86)\Windows Kits\10\Windows Performance Toolkit\;C:\program Files\PostgreSQL\17\bin;C:\Users\user\AppData\Local\Programs\Python\Python312\Scripts\;C:\Users\user\AppData\Local\Programs\Python\Python312\;C:\Users\user\AppData\Local\Microsoft\WindowsApps;C:\Program Files\MongoDB\Server\7.0\bin;C:\Program Files\Azure Data Studio\bin;C:\Program Files\Azure Data Studio\bin;C:\Users\user\AppData\Local\Programs\Microsoft VS Code\bin;C:\Users\user\AppData\Roaming\npm;C:\Users\user\Desktop\equipo-c23-33-mobile\apps\backend\models\flutter\bin;C:\Users\user\dev\flutter\bin;C:\ProgramData\Microsoft\Windows\Start Menu\Programs\Git;C:\Program Files\Git\bin;C:\Program Files\Java\jdkXX.X.XX\bin;
USERNAME=user
OS=Windows_NT
PROCESSOR_IDENTIFIER=Intel64 Family 6 Model 58 Stepping 9, GenuineIntel
TMP=C:\Users\user\AppData\Local\Temp
TEMP=C:\Users\user\AppData\Local\Temp




Periodic native trim disabled

---------------  S Y S T E M  ---------------

OS:
 Windows 10 , 64 bit Build 19041 (10.0.19041.5438)
OS uptime: 0 days 0:24 hours

CPU: total 4 (initial active 4) (2 cores per cpu, 2 threads per core) family 6 model 58 stepping 9 microcode 0x21, cx8, cmov, fxsr, ht, mmx, sse, sse2, sse3, ssse3, sse4.1, sse4.2, popcnt, tsc, tscinvbit, avx, aes, erms, clmul, vzeroupper, clflush, rdtscp, f16c
Processor Information for all 4 processors :
  Max Mhz: 2501, Current Mhz: 2501, Mhz Limit: 2501

Memory: 4k page, system-wide physical 4000M (116M free)
TotalPageFile size 16288M (AvailPageFile size 224M)
current process WorkingSet (physical memory assigned to process): 426M, peak: 443M
current process commit charge ("private bytes"): 902M, peak: 1170M

vm_info: Java HotSpot(TM) 64-Bit Server VM (21.0.4+8-LTS-274) for windows-amd64 JRE (21.0.4+8-LTS-274), built on 2024-06-05T05:23:33Z by "mach5one" with MS VC++ 17.6 (VS2022)

END.
